[    0.000000] Initializing cgroup subsys cpuset
[    0.000000] Initializing cgroup subsys cpu
[    0.000000] Initializing cgroup subsys cpuacct
[    0.000000] Linux version 4.4.0-141-generic (buildd@lcy01-amd64-027) (gcc version 5.4.0 20160609 (Ubuntu 5.4.0-6ubuntu1~16.04.10) ) #167-Ubuntu SMP Wed Dec 5 10:38:08 UTC 2018 (Ubuntu 4.4.0-141.167-generic 4.4.162)
[    0.000000] KERNEL supported cpus:
[    0.000000]   Intel GenuineIntel
[    0.000000]   AMD AuthenticAMD
[    0.000000]   NSC Geode by NSC
[    0.000000]   Cyrix CyrixInstead
[    0.000000]   Centaur CentaurHauls
[    0.000000]   Transmeta GenuineTMx86
[    0.000000]   Transmeta TransmetaCPU
[    0.000000]   UMC UMC UMC UMC
[    0.000000] x86/fpu: xstate_offset[2]:  576, xstate_sizes[2]:  256
[    0.000000] x86/fpu: Supporting XSAVE feature 0x01: 'x87 floating point registers'
[    0.000000] x86/fpu: Supporting XSAVE feature 0x02: 'SSE registers'
[    0.000000] x86/fpu: Supporting XSAVE feature 0x04: 'AVX registers'
[    0.000000] x86/fpu: Enabled xstate features 0x7, context size is 832 bytes, using 'standard' format.
[    0.000000] e820: BIOS-provided physical RAM map:
[    0.000000] BIOS-e820: [mem 0x0000000000000000-0x000000000009fbff] usable
[    0.000000] BIOS-e820: [mem 0x000000000009fc00-0x000000000009ffff] reserved
[    0.000000] BIOS-e820: [mem 0x00000000000f0000-0x00000000000fffff] reserved
[    0.000000] BIOS-e820: [mem 0x0000000000100000-0x000000001ffeffff] usable
[    0.000000] BIOS-e820: [mem 0x000000001fff0000-0x000000001fffffff] ACPI data
[    0.000000] BIOS-e820: [mem 0x00000000fec00000-0x00000000fec00fff] reserved
[    0.000000] BIOS-e820: [mem 0x00000000fee00000-0x00000000fee00fff] reserved
[    0.000000] BIOS-e820: [mem 0x00000000fffc0000-0x00000000ffffffff] reserved
[    0.000000] NX (Execute Disable) protection: active
[    0.000000] SMBIOS 2.5 present.
[    0.000000] Hypervisor detected: KVM
[    0.000000] e820: last_pfn = 0x1fff0 max_arch_pfn = 0x1000000
[    0.000000] MTRR: Disabled
[    0.000000] x86/PAT: MTRRs disabled, skipping PAT initialization too.
[    0.000000] CPU MTRRs all blank - virtualized system.
[    0.000000] x86/PAT: Configuration [0-7]: WB  WT  UC- UC  WB  WT  UC- UC  
[    0.000000] found SMP MP-table at [mem 0x0009fff0-0x0009ffff] mapped at [c009fff0]
[    0.000000] Scanning 1 areas for low memory corruption
[    0.000000] RAMDISK: [mem 0x1e968000-0x1f7d2fff]
[    0.000000] ACPI: Early table checksum verification disabled
[    0.000000] ACPI: RSDP 0x00000000000E0000 000024 (v02 VBOX  )
[    0.000000] ACPI: XSDT 0x000000001FFF0030 00003C (v01 VBOX   VBOXXSDT 00000001 ASL  00000061)
[    0.000000] ACPI: FACP 0x000000001FFF00F0 0000F4 (v04 VBOX   VBOXFACP 00000001 ASL  00000061)
[    0.000000] ACPI: DSDT 0x000000001FFF0470 0021FF (v02 VBOX   VBOXBIOS 00000002 INTL 20100528)
[    0.000000] ACPI: FACS 0x000000001FFF0200 000040
[    0.000000] ACPI: FACS 0x000000001FFF0200 000040
[    0.000000] ACPI: APIC 0x000000001FFF0240 000054 (v02 VBOX   VBOXAPIC 00000001 ASL  00000061)
[    0.000000] ACPI: SSDT 0x000000001FFF02A0 0001CC (v01 VBOX   VBOXCPUT 00000002 INTL 20100528)
[    0.000000] 0MB HIGHMEM available.
[    0.000000] 511MB LOWMEM available.
[    0.000000]   mapped low ram: 0 - 1fff0000
[    0.000000]   low ram: 0 - 1fff0000
[    0.000000] kvm-clock: Using msrs 4b564d01 and 4b564d00
[    0.000000] kvm-clock: cpu 0, msr 0:1ffef001, primary cpu clock
[    0.000000] kvm-clock: using sched offset of 3580320770 cycles
[    0.000000] clocksource: kvm-clock: mask: 0xffffffffffffffff max_cycles: 0x1cd42e4dffb, max_idle_ns: 881590591483 ns
[    0.000000] Zone ranges:
[    0.000000]   DMA      [mem 0x0000000000001000-0x0000000000ffffff]
[    0.000000]   Normal   [mem 0x0000000001000000-0x000000001ffeffff]
[    0.000000]   HighMem  empty
[    0.000000] Movable zone start for each node
[    0.000000] Early memory node ranges
[    0.000000]   node   0: [mem 0x0000000000001000-0x000000000009efff]
[    0.000000]   node   0: [mem 0x0000000000100000-0x000000001ffeffff]
[    0.000000] Initmem setup node 0 [mem 0x0000000000001000-0x000000001ffeffff]
[    0.000000] Using APIC driver default
[    0.000000] ACPI: PM-Timer IO Port: 0x4008
[    0.000000] IOAPIC[0]: apic_id 1, version 32, address 0xfec00000, GSI 0-23
[    0.000000] ACPI: INT_SRC_OVR (bus 0 bus_irq 0 global_irq 2 dfl dfl)
[    0.000000] ACPI: INT_SRC_OVR (bus 0 bus_irq 9 global_irq 9 low level)
[    0.000000] Using ACPI (MADT) for SMP configuration information
[    0.000000] smpboot: Allowing 1 CPUs, 0 hotplug CPUs
[    0.000000] PM: Registered nosave memory: [mem 0x00000000-0x00000fff]
[    0.000000] PM: Registered nosave memory: [mem 0x0009f000-0x0009ffff]
[    0.000000] PM: Registered nosave memory: [mem 0x000a0000-0x000effff]
[    0.000000] PM: Registered nosave memory: [mem 0x000f0000-0x000fffff]
[    0.000000] e820: [mem 0x20000000-0xfebfffff] available for PCI devices
[    0.000000] Booting paravirtualized kernel on KVM
[    0.000000] clocksource: refined-jiffies: mask: 0xffffffff max_cycles: 0xffffffff, max_idle_ns: 7645519600211568 ns
[    0.000000] setup_percpu: NR_CPUS:8 nr_cpumask_bits:8 nr_cpu_ids:1 nr_node_ids:1
[    0.000000] PERCPU: Embedded 19 pages/cpu @dfac1000 s47436 r0 d30388 u77824
[    0.000000] PV qspinlock hash table entries: 512 (order: 0, 4096 bytes)
[    0.000000] Built 1 zonelists in Zone order, mobility grouping on.  Total pages: 129678
[    0.000000] Kernel command line: BOOT_IMAGE=/boot/vmlinuz-4.4.0-141-generic root=UUID=7633e1aa-bd39-4ab9-8663-1bfde43f634c ro console=tty1 console=ttyS0
[    0.000000] PID hash table entries: 2048 (order: 1, 8192 bytes)
[    0.000000] Dentry cache hash table entries: 65536 (order: 6, 262144 bytes)
[    0.000000] Inode-cache hash table entries: 32768 (order: 5, 131072 bytes)
[    0.000000] Initializing CPU#0
[    0.000000] Initializing HighMem for node 0 (00000000:00000000)
[    0.000000] Memory: 489392K/523832K available (8052K kernel code, 778K rwdata, 3180K rodata, 952K init, 800K bss, 34440K reserved, 0K cma-reserved, 0K highmem)
[    0.000000] virtual kernel memory layout:
[    0.000000]     fixmap  : 0xfff15000 - 0xfffff000   ( 936 kB)
[    0.000000]     pkmap   : 0xffc00000 - 0xffe00000   (2048 kB)
[    0.000000]     vmalloc : 0xe07f0000 - 0xffbfe000   ( 500 MB)
[    0.000000]     lowmem  : 0xc0000000 - 0xdfff0000   ( 511 MB)
[    0.000000]       .init : 0xc1bbe000 - 0xc1cac000   ( 952 kB)
[    0.000000]       .data : 0xc17dd3c4 - 0xc1bbc9c0   (3965 kB)
[    0.000000]       .text : 0xc1000000 - 0xc17dd3c4   (8052 kB)
[    0.000000] Checking if this processor honours the WP bit even in supervisor mode...Ok.
[    0.000000] SLUB: HWalign=64, Order=0-3, MinObjects=0, CPUs=1, Nodes=1
[    0.000000] Hierarchical RCU implementation.
[    0.000000] 	Build-time adjustment of leaf fanout to 32.
[    0.000000] 	RCU restricting CPUs from NR_CPUS=8 to nr_cpu_ids=1.
[    0.000000] RCU: Adjusting geometry for rcu_fanout_leaf=32, nr_cpu_ids=1
[    0.000000] NR_IRQS:2304 nr_irqs:256 16
[    0.000000] Console: colour VGA+ 80x25
[    0.000000] console [tty1] enabled
[    0.000000] console [ttyS0] enabled
[    0.000000] allocated 524288 bytes of page_ext
[    0.000000] tsc: Detected 2592.004 MHz processor
[    0.506484] Calibrating delay loop (skipped) preset value.. 5184.00 BogoMIPS (lpj=10368016)
[    0.508756] pid_max: default: 32768 minimum: 301
[    0.509935] ACPI: Core revision 20150930
[    0.512723] ACPI: 2 ACPI AML tables successfully acquired and loaded
[    0.514472] Security Framework initialized
[    0.515624] Yama: becoming mindful.
[    0.516624] AppArmor: AppArmor initialized
[    0.517769] Mount-cache hash table entries: 1024 (order: 0, 4096 bytes)
[    0.519351] Mountpoint-cache hash table entries: 1024 (order: 0, 4096 bytes)
[    0.521188] Initializing cgroup subsys io
[    0.522268] Initializing cgroup subsys memory
[    0.523454] Initializing cgroup subsys devices
[    0.524602] Initializing cgroup subsys freezer
[    0.525831] Initializing cgroup subsys net_cls
[    0.526978] Initializing cgroup subsys perf_event
[    0.534386] Initializing cgroup subsys net_prio
[    0.535641] Initializing cgroup subsys hugetlb
[    0.536874] Initializing cgroup subsys pids
[    0.540109] mce: CPU supports 0 MCE banks
[    0.541191] process: using mwait in idle threads
[    0.542501] Last level iTLB entries: 4KB 64, 2MB 8, 4MB 8
[    0.543854] Last level dTLB entries: 4KB 64, 2MB 0, 4MB 0, 1GB 4
[    0.545382] Spectre V2 : Mitigation: Full generic retpoline
[    0.546816] Spectre V2 : Spectre v2 mitigation: Speculation control IBPB not-supported IBRS not-supported
[    0.549069] Spectre V2 : Spectre v2 / SpectreRSB mitigation: Filling RSB on context switch
[    0.551635] Speculative Store Bypass: Vulnerable
[    0.572636] Freeing SMP alternatives memory: 32K
[    0.680720] ftrace: allocating 31566 entries in 62 pages
[    0.911636] smpboot: APIC(0) Converting physical 0 to logical package 0
[    1.007087] smpboot: Max logical packages: 1
[    1.023677] Enabling APIC mode:  Flat.  Using 1 I/O APICs
[    1.113851] ..TIMER: vector=0x30 apic1=0 pin1=2 apic2=-1 pin2=-1
[    1.221287] smpboot: CPU0: Intel(R) Core(TM) i7-6700HQ CPU @ 2.60GHz (family: 0x6, model: 0x5e, stepping: 0x3)
[    1.340364] Performance Events: unsupported p6 CPU model 94 no PMU driver, software events only.
[    1.436125] KVM setup paravirtual spinlock
[    1.545861] x86: Booted up 1 node, 1 CPUs
[    1.676957] smpboot: Total of 1 processors activated (5184.00 BogoMIPS)
[    1.773832] devtmpfs: initialized
[    1.778163] evm: security.selinux
[    1.895230] evm: security.SMACK64
[    1.904961] evm: security.SMACK64EXEC
[    2.014607] evm: security.SMACK64TRANSMUTE
[    2.125561] evm: security.SMACK64MMAP
[    2.182411] evm: security.ima
[    2.207209] evm: security.capability
[    2.209232] clocksource: jiffies: mask: 0xffffffff max_cycles: 0xffffffff, max_idle_ns: 7645041785100000 ns
[    2.251693] futex hash table entries: 256 (order: 2, 16384 bytes)
[    2.253916] pinctrl core: initialized pinctrl subsystem
[    2.255834] RTC time:  9:50:48, date: 01/04/19
[    2.257297] NET: Registered protocol family 16
[    2.258840] EISA bus registered
[    2.260085] cpuidle: using governor ladder
[    2.267775] cpuidle: using governor menu
[    2.269075] PCCT header not found.
[    2.270410] ACPI: bus type PCI registered
[    2.273381] acpiphp: ACPI Hot Plug PCI Controller Driver version: 0.5
[    2.275648] PCI : PCI BIOS area is rw and x. Use pci=nobios if you want it NX.
[    2.278255] PCI: PCI BIOS revision 2.10 entry at 0xfda26, last bus=0
[    2.280224] PCI: Using configuration type 1 for base access
[    2.283358] ACPI: Added _OSI(Module Device)
[    2.284649] ACPI: Added _OSI(Processor Device)
[    2.285867] ACPI: Added _OSI(3.0 _SCP Extensions)
[    2.287116] ACPI: Added _OSI(Processor Aggregator Device)
[    2.289246] ACPI: Executed 1 blocks of module-level executable AML code
[    2.337645] ACPI: Interpreter enabled
[    2.365052] ACPI: (supports S0 S5)
[    2.367370] ACPI: Using IOAPIC for interrupt routing
[    2.412319] PCI: Using host bridge windows from ACPI; if necessary, use "pci=nocrs" and report a bug
[    2.455104] ACPI: PCI Root Bridge [PCI0] (domain 0000 [bus 00-ff])
[    2.467902] acpi PNP0A03:00: _OSC: OS supports [ASPM ClockPM Segments MSI]
[    2.508210] acpi PNP0A03:00: _OSC: not requesting OS control; OS requires [ExtendedConfig ASPM ClockPM MSI]
[    2.550324] acpi PNP0A03:00: fail to add MMCONFIG information, can't access extended PCI configuration space under this bridge.
[    2.622697] PCI host bridge to bus 0000:00
[    2.686727] pci_bus 0000:00: root bus resource [io  0x0000-0x0cf7 window]
[    2.756150] pci_bus 0000:00: root bus resource [io  0x0d00-0xffff window]
[    2.980606] pci_bus 0000:00: root bus resource [mem 0x000a0000-0x000bffff window]
[    3.023219] pci_bus 0000:00: root bus resource [mem 0x20000000-0xfdffffff window]
[    3.169813] pci_bus 0000:00: root bus resource [bus 00-ff]
[    3.305535] pci 0000:00:01.1: legacy IDE quirk: reg 0x10: [io  0x01f0-0x01f7]
[    3.308958] pci 0000:00:01.1: legacy IDE quirk: reg 0x14: [io  0x03f6]
[    3.311414] pci 0000:00:01.1: legacy IDE quirk: reg 0x18: [io  0x0170-0x0177]
[    3.313888] pci 0000:00:01.1: legacy IDE quirk: reg 0x1c: [io  0x0376]
[    3.329205] pci 0000:00:07.0: quirk: [io  0x4000-0x403f] claimed by PIIX4 ACPI
[    3.344612] pci 0000:00:07.0: quirk: [io  0x4100-0x410f] claimed by PIIX4 SMB
[    3.353050] ACPI: PCI Interrupt Link [LNKA] (IRQs 5 9 10 *11)
[    3.355639] ACPI: PCI Interrupt Link [LNKB] (IRQs 5 9 *10 11)
[    3.358142] ACPI: PCI Interrupt Link [LNKC] (IRQs 5 *9 10 11)
[    3.360555] ACPI: PCI Interrupt Link [LNKD] (IRQs 5 9 10 *11)
[    3.362974] ACPI: Enabled 2 GPEs in block 00 to 07
[    3.365317] vgaarb: setting as boot device: PCI:0000:00:02.0
[    3.367115] vgaarb: device added: PCI:0000:00:02.0,decodes=io+mem,owns=io+mem,locks=none
[    3.370189] vgaarb: loaded
[    3.371224] vgaarb: bridge control possible 0000:00:02.0
[    3.373085] SCSI subsystem initialized
[    3.374614] ACPI: bus type USB registered
[    3.376029] usbcore: registered new interface driver usbfs
[    3.377810] usbcore: registered new interface driver hub
[    3.379474] usbcore: registered new device driver usb
[    3.381157] PCI: Using ACPI for IRQ routing
[    3.382796] NetLabel: Initializing
[    3.383770] NetLabel:  domain hash size = 128
[    3.384938] NetLabel:  protocols = UNLABELED CIPSOv4
[    3.386473] NetLabel:  unlabeled traffic allowed by default
[    3.402337] amd_nb: Cannot enumerate AMD northbridges
[    3.478791] clocksource: Switched to clocksource kvm-clock
[    3.526866] AppArmor: AppArmor Filesystem Enabled
[    3.546562] pnp: PnP ACPI init
[    3.568317] pnp: PnP ACPI: found 3 devices
[    3.611521] PnPBIOS: Disabled by ACPI PNP
[    3.699016] clocksource: acpi_pm: mask: 0xffffff max_cycles: 0xffffff, max_idle_ns: 2085701024 ns
[    3.733062] NET: Registered protocol family 2
[    3.740922] TCP established hash table entries: 4096 (order: 2, 16384 bytes)
[    3.793819] TCP bind hash table entries: 4096 (order: 3, 32768 bytes)
[    3.843383] TCP: Hash tables configured (established 4096 bind 4096)
[    3.860312] UDP hash table entries: 256 (order: 1, 8192 bytes)
[    3.918477] UDP-Lite hash table entries: 256 (order: 1, 8192 bytes)
[    3.956886] NET: Registered protocol family 1
[    4.078581] pci 0000:00:00.0: Limiting direct PCI/PCI transfers
[    4.124383] pci 0000:00:01.0: Activating ISA DMA hang workarounds
[    4.214033] Unpacking initramfs...
[    4.578565] Freeing initrd memory: 14764K
[    4.642942] platform rtc_cmos: registered platform RTC device (no PNP device found)
[    4.751660] Scanning for low memory corruption every 60 seconds
[    4.769667] audit: initializing netlink subsys (disabled)
[    4.772880] audit: type=2000 audit(1546595453.835:1): initialized
[    4.777098] Initialise system trusted keyring
[    4.784228] HugeTLB registered 2 MB page size, pre-allocated 0 pages
[    4.809736] zbud: loaded
[    4.820828] VFS: Disk quotas dquot_6.6.0
[    4.824015] VFS: Dquot-cache hash table entries: 1024 (order 0, 4096 bytes)
[    4.844131] squashfs: version 4.0 (2009/01/31) Phillip Lougher
[    4.866292] fuse init (API version 7.23)
[    4.867685] Key type big_key registered
[    4.887787] Allocating IMA MOK and blacklist keyrings.
[    4.915411] Key type asymmetric registered
[    4.925196] Asymmetric key parser 'x509' registered
[    4.936090] bounce: pool size: 64 pages
[    4.945557] Block layer SCSI generic (bsg) driver version 0.4 loaded (major 249)
[    4.954511] io scheduler noop registered
[    4.963187] io scheduler deadline registered (default)
[    4.988683] io scheduler cfq registered
[    4.996433] pci_hotplug: PCI Hot Plug PCI Core version: 0.5
[    5.020980] pciehp: PCI Express Hot Plug Controller Driver version: 0.4
[    5.029328] ACPI: AC Adapter [AC] (on-line)
[    5.038393] input: Power Button as /devices/LNXSYSTM:00/LNXPWRBN:00/input/input0
[    5.049154] ACPI: Power Button [PWRF]
[    5.063739] input: Sleep Button as /devices/LNXSYSTM:00/LNXSLPBN:00/input/input1
[    5.075737] ACPI: Sleep Button [SLPF]
[    5.092576] ACPI: Battery Slot [BAT0] (battery present)
[    5.101099] GHES: HEST is not enabled!
[    5.108685] Serial: 8250/16550 driver, 32 ports, IRQ sharing enabled
[    5.117002] isapnp: Scanning for PnP cards...
[    5.162682] 00:02: ttyS0 at I/O 0x3f8 (irq = 4, base_baud = 115200) is a 16550A
[    5.215765] Linux agpgart interface v0.103
[    5.226896] loop: module loaded
[    5.278503] scsi host0: ata_piix
[    5.288087] scsi host1: ata_piix
[    5.295879] ata1: PATA max UDMA/33 cmd 0x1f0 ctl 0x3f6 bmdma 0xd000 irq 14
[    5.310217] ata2: PATA max UDMA/33 cmd 0x170 ctl 0x376 bmdma 0xd008 irq 15
[    5.319770] libphy: Fixed MDIO Bus: probed
[    5.371021] tun: Universal TUN/TAP device driver, 1.6
[    5.384988] tun: (C) 1999-2004 Max Krasnyansky <maxk@qualcomm.com>
[    5.393103] PPP generic driver version 2.4.2
[    5.402561] ehci_hcd: USB 2.0 'Enhanced' Host Controller (EHCI) Driver
[    5.454584] ehci-pci: EHCI PCI platform driver
[    5.467910] ehci-platform: EHCI generic platform driver
[    5.477873] ohci_hcd: USB 1.1 'Open' Host Controller (OHCI) Driver
[    5.628302] ohci-pci: OHCI PCI platform driver
[    5.648445] tsc: Refined TSC clocksource calibration: 2591.995 MHz
[    5.678893] clocksource: tsc: mask: 0xffffffffffffffff max_cycles: 0x255cb206edb, max_idle_ns: 440795262788 ns
[    5.687943] ohci-platform: OHCI generic platform driver
[    5.703245] uhci_hcd: USB Universal Host Controller Interface driver
[    5.756826] i8042: PNP: PS/2 Controller [PNP0303:PS2K,PNP0f03:PS2M] at 0x60,0x64 irq 1,12
[    5.766167] serio: i8042 KBD port at 0x60,0x64 irq 1
[    5.769623] serio: i8042 AUX port at 0x60,0x64 irq 12
[    5.788115] mousedev: PS/2 mouse device common for all mice
[    5.980256] isapnp: No Plug & Play device found
[    6.015625] input: AT Translated Set 2 keyboard as /devices/platform/i8042/serio0/input/input2
[    6.033392] rtc_cmos rtc_cmos: rtc core: registered rtc_cmos as rtc0
[    6.043370] rtc_cmos rtc_cmos: alarms up to one day, 114 bytes nvram
[    6.054065] i2c /dev entries driver
[    6.062074] device-mapper: uevent: version 1.0.3
[    6.070178] device-mapper: ioctl: 4.34.0-ioctl (2015-10-28) initialised: dm-devel@redhat.com
[    6.078979] platform eisa.0: Probing EISA bus 0
[    6.094450] platform eisa.0: EISA: Cannot allocate resource for mainboard
[    6.102836] platform eisa.0: Cannot allocate resource for EISA slot 1
[    6.118507] platform eisa.0: Cannot allocate resource for EISA slot 2
[    6.128092] platform eisa.0: Cannot allocate resource for EISA slot 3
[    6.136890] platform eisa.0: Cannot allocate resource for EISA slot 4
[    6.145735] platform eisa.0: Cannot allocate resource for EISA slot 5
[    6.155479] platform eisa.0: Cannot allocate resource for EISA slot 6
[    6.164211] platform eisa.0: Cannot allocate resource for EISA slot 7
[    6.173016] platform eisa.0: Cannot allocate resource for EISA slot 8
[    6.183776] platform eisa.0: EISA: Detected 0 cards
[    6.199043] cpufreq-nforce2: No nForce2 chipset.
[    6.214692] ledtrig-cpu: registered to indicate activity on CPUs
[    6.245240] NET: Registered protocol family 10
[    6.268324] NET: Registered protocol family 17
[    6.278003] Key type dns_resolver registered
[    6.292637] Using IPI No-Shortcut mode
[    6.300400] registered taskstats version 1
[    6.309154] Loading compiled-in X.509 certificates
[    6.333421] Loaded X.509 cert 'Build time autogenerated kernel key: 8ee7231a1e42e4b4a17d0e4b95c66ffe15d3b32e'
[    6.352609] zswap: loaded using pool lzo/zbud
[    6.364240] Key type trusted registered
[    6.375916] Key type encrypted registered
[    6.400408] AppArmor: AppArmor sha1 policy hashing enabled
[    6.413822] ima: No TPM chip found, activating TPM-bypass!
[    6.433222] ima: Allocated hash algorithm: sha1
[    6.445000] evm: HMAC attrs: 0x1
[    6.454586]   Magic number: 3:10:828
[    6.462369] rtc_cmos rtc_cmos: setting system clock to 2019-01-04 09:50:53 UTC (1546595453)
[    6.481056] BIOS EDD facility v0.16 2004-Jun-25, 0 devices found
[    6.509483] EDD information not available.
[    6.518441] Freeing unused kernel memory: 952K
[    6.543302] Write protecting the kernel text: 8056k
[    6.551309] Write protecting the kernel read-only data: 3184k
[    6.569080] NX-protecting the kernel data: 6280k
Loading, please wait...
starting version 229
[    6.608004] random: systemd-udevd: uninitialized urandom read (16 bytes read, 2 bits of entropy available)
[    6.642246] random: udevadm: uninitialized urandom read (16 bytes read, 2 bits of entropy available)
[    6.657107] random: udevadm: uninitialized urandom read (16 bytes read, 2 bits of entropy available)
[    6.660299] random: udevadm: uninitialized urandom read (16 bytes read, 2 bits of entropy available)
[    6.663128] random: udevadm: uninitialized urandom read (16 bytes read, 2 bits of entropy available)
[    6.665873] random: udevadm: uninitialized urandom read (16 bytes read, 2 bits of entropy available)
[    6.668601] random: udevadm: uninitialized urandom read (16 bytes read, 2 bits of entropy available)
[    6.681334] random: systemd-udevd: uninitialized urandom read (16 bytes read, 2 bits of entropy available)
[    6.696076] random: udevadm: uninitialized urandom read (16 bytes read, 2 bits of entropy available)
[    6.708473] random: systemd-udevd: uninitialized urandom read (16 bytes read, 2 bits of entropy available)
[    6.794576] Fusion MPT base driver 3.04.20
[    6.801988] Copyright (c) 1999-2008 LSI Corporation
[    6.812708] e1000: Intel(R) PRO/1000 Network Driver - version 7.3.21-k8-NAPI
[    6.821122] e1000: Copyright (c) 1999-2006 Intel Corporation.
[    6.909699] Fusion MPT SPI Host driver 3.04.20
[    7.063746] input: ImExPS/2 Generic Explorer Mouse as /devices/platform/i8042/serio1/input/input4
[    7.375706] e1000 0000:00:03.0 eth0: (PCI:33MHz:32-bit) 02:e6:51:b1:60:b4
[    7.388082] e1000 0000:00:03.0 eth0: Intel(R) PRO/1000 Network Connection
[    7.397411] mptbase: ioc0: Initiating bringup
[    7.467855] ioc0: LSI53C1030 A0: Capabilities={Initiator}
[    7.673716] scsi host2: ioc0: LSI53C1030 A0, FwRev=00000000h, Ports=1, MaxQ=256, IRQ=20
[    7.805012] scsi 2:0:0:0: Direct-Access     VBOX     HARDDISK         1.0  PQ: 0 ANSI: 5
[    8.077894] scsi target2:0:0: Beginning Domain Validation
[    8.174989] scsi target2:0:0: Domain Validation skipping write tests
[    8.230757] scsi target2:0:0: Ending Domain Validation
[    8.626478] scsi target2:0:0: asynchronous
[    8.642066] scsi 2:0:1:0: Direct-Access     VBOX     HARDDISK         1.0  PQ: 0 ANSI: 5
[    8.683845] scsi target2:0:1: Beginning Domain Validation
[    8.694481] e1000 0000:00:08.0 eth1: (PCI:33MHz:32-bit) 08:00:27:60:01:2f
[    8.782485] e1000 0000:00:08.0 eth1: Intel(R) PRO/1000 Network Connection
[    8.786020] scsi target2:0:1: Domain Validation skipping write tests
[    8.788343] scsi target2:0:1: Ending Domain Validation
[    8.790892] scsi target2:0:1: asynchronous
[    8.793380] e1000 0000:00:03.0 enp0s3: renamed from eth0
[    8.797965] e1000 0000:00:08.0 enp0s8: renamed from eth1
[    8.822408] sd 2:0:0:0: Attached scsi generic sg0 type 0
[    8.824469] sd 2:0:0:0: [sda] 20971520 512-byte logical blocks: (10.7 GB/10.0 GiB)
[    8.835515] sd 2:0:1:0: [sdb] 20480 512-byte logical blocks: (10.5 MB/10.0 MiB)
[    8.838136] sd 2:0:1:0: [sdb] Write Protect is off
[    8.839816] sd 2:0:1:0: Attached scsi generic sg1 type 0
[    8.844363] sd 2:0:1:0: [sdb] Incomplete mode parameter data
[    8.846392] sd 2:0:1:0: [sdb] Assuming drive cache: write through
[    8.849514] sd 2:0:0:0: [sda] Write Protect is off
[    8.858918] sd 2:0:0:0: [sda] Incomplete mode parameter data
[    8.873603] sd 2:0:0:0: [sda] Assuming drive cache: write through
[    8.964892]  sda: sda1
[    9.046699] sd 2:0:1:0: [sdb] Attached SCSI disk
[    9.055264] sd 2:0:0:0: [sda] Attached SCSI disk
Begin: Loading e[   10.556675] md: linear personality registered for level -1
ssential drivers[   10.731166] md: multipath personality registered for level -4
 ... [   10.839094] md: raid0 personality registered for level 0
[   10.859158] md: raid1 personality registered for level 1
[   11.050894] raid6: mmxx1    gen()  5296 MB/s
[   11.179196] raid6: mmxx2    gen()  6772 MB/s
[   11.299240] raid6: sse1x1   gen()  5874 MB/s
[   11.494929] raid6: sse1x2   gen()  6404 MB/s
[   11.675041] raid6: sse2x1   gen() 11002 MB/s
[   11.791138] raid6: sse2x1   xor()  7424 MB/s
[   11.875601] raid6: sse2x2   gen() 12083 MB/s
[   11.962985] raid6: sse2x2   xor()  8805 MB/s
[   12.094838] raid6: avx2x1   gen() 18183 MB/s
[   12.170933] raid6: avx2x2   gen() 21032 MB/s
[   12.188288] raid6: using algorithm avx2x2 gen() 21032 MB/s
[   12.191869] raid6: using avx2x1 recovery algorithm
[   12.207854] xor: automatically using best checksumming function:
[   12.279135]    avx       : 24679.000 MB/sec
[   12.282933] async_tx: api initialized (async)
[   12.299393] md: raid6 personality registered for level 6
[   12.351117] md: raid5 personality registered for level 5
[   12.381519] md: raid4 personality registered for level 4
[   12.408175] md: raid10 personality registered for level 10
done.
Begin: Running /scripts/init-premount ... done.
Begin: Mounting root file system ... Begin: Running /scripts/local-top ... done.
Begin: Running /scripts/local-premount ... [   12.472043] Btrfs loaded
Scanning for Btrfs filesystems
done.
Warning: fsck not present, so skipping root file[   12.652085] EXT4-fs (sda1): mounted filesystem with ordered data mode. Opts: (null)
 system
done.
Begin: Running /scripts/local-bottom ... done.
Begin: Running /scripts/init-bottom ... done.
[   13.382994] random: nonblocking pool is initialized
[   13.501198] systemd[1]: systemd 229 running in system mode. (+PAM +AUDIT +SELINUX +IMA +APPARMOR +SMACK +SYSVINIT +UTMP +LIBCRYPTSETUP +GCRYPT +GNUTLS +ACL +XZ -LZ4 +SECCOMP +BLKID +ELFUTILS +KMOD -IDN)
[   13.638151] systemd[1]: Detected virtualization oracle.
[   13.691696] systemd[1]: Detected architecture x86.

Welcome to [1mUbuntu 16.04.5 LTS[0m!

[   13.759065] systemd[1]: Set hostname to <kouosl>.
[   15.490679] systemd[1]: Listening on udev Kernel Socket.
[[0;32m  OK  [0m] Listening on udev Kernel Socket.
[   15.638957] systemd[1]: Reached target System Time Synchronized.
[[0;32m  OK  [0m] Reached target System Time Synchronized.
[   15.707253] systemd[1]: Started Forward Password Requests to Wall Directory Watch.
[[0;32m  OK  [0m] Started Forward Password Requests to Wall Directory Watch.
[   15.782989] systemd[1]: Listening on LVM2 metadata daemon socket.
[[0;32m  OK  [0m] Listening on LVM2 metadata daemon socket.
[   15.827347] systemd[1]: Listening on LVM2 poll daemon socket.
[[0;32m  OK  [0m] Listening on LVM2 poll daemon socket.
[   15.832697] systemd[1]: Listening on Journal Socket (/dev/log).
[[0;32m  OK  [0m] Listening on Journal Socket (/dev/log).
[   15.839106] systemd[1]: Listening on Device-mapper event daemon FIFOs.
[[0;32m  OK  [0m] Listening on Device-mapper event daemon FIFOs.
[   15.858580] systemd[1]: Reached target User and Group Name Lookups.
[[0;32m  OK  [0m] Reached target User and Group Name Lookups.
[   15.915135] systemd[1]: Started Trigger resolvconf update for networkd DNS.
[[0;32m  OK  [0m] Started Trigger resolvconf update for networkd DNS.
[   15.996946] systemd[1]: Set up automount Arbitrary Executable File Formats File System Automount Point.
[[0;32m  OK  [0m] Set up automount Arbitrary Executab...ats File System Automount Point.
[   16.025691] systemd[1]: Listening on Syslog Socket.
[[0;32m  OK  [0m] Listening on Syslog Socket.
[   16.216141] systemd[1]: Created slice User and Session Slice.
[[0;32m  OK  [0m] Created slice User and Session Slice.
[   16.283028] systemd[1]: Listening on Journal Audit Socket.
[[0;32m  OK  [0m] Listening on Journal Audit Socket.
[   16.394870] systemd[1]: Listening on /dev/initctl Compatibility Named Pipe.
[[0;32m  OK  [0m] Listening on /dev/initctl Compatibility Named Pipe.
[   16.491142] systemd[1]: Reached target Swap.
[[0;32m  OK  [0m] Reached target Swap.
[   16.521132] systemd[1]: Created slice System Slice.
[[0;32m  OK  [0m] Created slice System Slice.
[   16.532308] systemd[1]: Reached target Slices.
[[0;32m  OK  [0m] Reached target Slices.
[   16.536070] systemd[1]: Created slice system-serial\x2dgetty.slice.
[[0;32m  OK  [0m] Created slice system-serial\x2dgetty.slice.
[   16.540156] systemd[1]: Reached target Encrypted Volumes.
[[0;32m  OK  [0m] Reached target Encrypted Volumes.
[   16.545777] systemd[1]: Listening on udev Control Socket.
[[0;32m  OK  [0m] Listening on udev Control Socket.
[   16.549963] systemd[1]: Listening on Journal Socket.
[[0;32m  OK  [0m] Listening on Journal Socket.
[   16.564223] systemd[1]: Mounting POSIX Message Queue File System...
         Mounting POSIX Message Queue File System...
[   16.663968] systemd[1]: Starting Remount Root and Kernel File Systems...
         Starting Remount Root and Kernel File Systems...
[   16.699714] systemd[1]: Mounting Debug File System...
         Mounting Debug File System...
[   16.731501] systemd[1]: Starting Monitoring of LVM2 mirrors, snapshots etc. using dmeventd or progress polling...
         Starting Monitoring of LVM2 mirrors... dmeventd or progress polling...
[   16.792224] systemd[1]: Starting Journal Service...
         Starting Journal Service...
[   16.861679] systemd[1]: Starting Load Kernel Modules...
         Starting Load Kernel Modules...
[   16.931691] systemd[1]: Mounting Huge Pages File System...
[   16.947854] EXT4-fs (sda1): re-mounted. Opts: (null)
         Mounting Huge Pages File System...
[   16.995855] systemd[1]: Starting Set console keymap...
         Starting Set console keymap...
[   17.028114] systemd[1]: Starting Nameserver information manager...
[   17.070406] Loading iSCSI transport class v2.0-870.
         Starting Nameserver information manager...
[   17.115475] systemd[1]: Starting Create list of required static device nodes for the current kernel...
         Starting Create list of required st... nodes for the current kernel...
[   17.149172] systemd[1]: Starting Uncomplicated firewall...
         Starting Uncomplicated firewall...
[   17.208737] systemd[1]: Mounted Huge Pages File System.
[[0;32m  OK  [0m] Mounted Huge Pages File Syste[   17.230963] iscsi: registered transport (tcp)
m.
[   17.246927] systemd[1]: Mounted POSIX Message Queue File System.
[[0;32m  OK  [0m] Mounted POSIX Message Queue File System.
[   17.278832] systemd[1]: Mounted Debug File System.
[[0;32m  OK  [0m] Mounted Debug File System.
[   17.323332] systemd[1]: Started Journal Service.
[[0;32m  OK  [0m] Started Journal Service.
[[0;32m  OK  [0m] Started Remount Root and Kernel File Systems.
[[0;32m  OK  [0m] Started Create list of required sta...ce node[   17.420556] iscsi: registered transport (iser)
s for the current kernel.
[[0;32m  OK  [0m] Started Set console keymap.
[[0;32m  OK  [0m] Started Uncomplicated firewall.
[[0;32m  OK  [0m] Started Load Kernel Modules.
[[0;32m  OK  [0m] Started Nameserver information manager.
[[0;32m  OK  [0m] Started LVM2 metadata daemon.
         Starting Apply Kernel Variables...
         Mounting FUSE Control File System...
         Starting Create Static Device Nodes in /dev...
         Starting udev Coldplug all Devices...
         Starting Load/Save Random Seed...
         Starting Flush Journal to Persistent Storage...
[[0;32m  OK  [0m] Mounted FUSE Control File System.
[[0;32m  OK  [0m] Started Apply Kernel Variables.
[[0;32m  OK  [0m] Started Load/Save Random Seed.
[[0;32m  OK  [0m] Started udev Coldplug all Devices.
[[0;32m  OK  [0m] Started Create Static Device Nodes in /dev.
[[0;32m  OK  [0m] Started Monitoring of LVM2 mirrors,...ng dmeventd or progress polling.
[[0;32m  OK  [0m] Reached target Local File Systems (Pre).
[[0;32m  OK  [0m] Reached target Local File Systems.
         Starting Set console font and keymap...
         Starting Tell Plymouth To Write Out Runtime Data...
         Starting LSB: AppArmor initialization...
         Starting Initial cloud-init job (pre-networking)...
         Starting udev Kernel Device Manager...
[[0;32m  OK  [0m] Started Flush Journal to Persistent Storage.
[[0;32m  OK  [0m] Started Tell Plymouth To Write Out Runtime Data.
         Starting Create Volatile Files and Directories...
[[0;32m  OK  [0m] Started Create Volatile Files and Directories.
         Starting Update UTMP about System Boot/Shutdown...
[[0;32m  OK  [0m] Started Update UTMP about System Boot/Shutdown.
[[0;32m  OK  [0m] Started udev Kernel Device Manager.
[[0;32m  OK  [0m] Started Dispatch Password Requests to Console Directory Watch.
[[0;32m  OK  [0m] Started Set console font and keymap.
[[0;32m  OK  [0m] Created slice system-getty.slice.
[[0;32m  OK  [0m] Found device /dev/ttyS0.
[[0;32m  OK  [0m] Listening on Load/Save RF Kill Switch Status /dev/rfkill Watch.
[[0;32m  OK  [0m] Found device 82540EM Gigabit Ethern...r (PRO/1000 MT Desktop Adapter).
[[0;32m  OK  [0m] Found device 82540EM Gigabit Ethern...r (PRO/1000 MT Desktop Adapter).
[[0;32m  OK  [0m] Started LSB: AppArmor initialization.
[   21.439345] cloud-init[477]: Cloud-init v. 18.4-0ubuntu1~16.04.2 running 'init-local' at Fri, 04 Jan 2019 09:51:10 +0000. Up 20.80 seconds.
[[0;32m  OK  [0m] Started Initial cloud-init job (pre-networking).
[[0;32m  OK  [0m] Reached target Network (Pre).
         Starting Raise network interfaces...
[[0;32m  OK  [0m] Started ifup for enp0s8.
[[0;32m  OK  [0m] Started ifup for enp0s3.
[[0;32m  OK  [0m] Started Raise network interfaces.
         Starting Initial cloud-init job (metadata service crawler)...
[[0;32m  OK  [0m] Reached target Network.
[   23.252570] cloud-init[1060]: Cloud-init v. 18.4-0ubuntu1~16.04.2 running 'init' at Fri, 04 Jan 2019 09:51:12 +0000. Up 22.58 seconds.
[   23.295960] cloud-init[1060]: ci-info: ++++++++++++++++++++++++++++++++++++++Net device info++++++++++++++++++++++++++++++++++++++
[   23.312313] cloud-init[1060]: ci-info: +--------+------+----------------------------+---------------+--------+-------------------+
[   23.319305] cloud-init[1060]: ci-info: | Device |  Up  |          Address           |      Mask     | Scope  |     Hw-Address    |
[   23.376337] cloud-init[1060]: ci-info: +--------+------+----------------------------+---------------+--------+-------------------+
[[0;32m  OK  [0m[   23.460376] cloud-init[1060]: ci-info: | enp0s3 | True |         10.0.2.15          | 255.255.255.0 | global | 02:e6:51:b1:60:b4 |
[   23.460497] cloud-init[1060]: ci-info: | enp0s3 | True | fe80::e6:51ff:feb1:60b4/64 |       .       |  link  | 02:e6:51:b1:60:b4 |
[   23.460705] cloud-init[1060]: ci-info: | enp0s8 | True |       192.168.83.137       | 255.255.255.0 | global | 08:00:27:60:01:2f |
[   23.460830] cloud-init[1060]: ci-info: | enp0s8 | True | fe80::a00:27ff:fe60:12f/64 |       .       |  link  | 08:00:27:60:01:2f |
[   23.460922] cloud-init[1060]: ci-info: |   lo   | True |         127.0.0.1          |   255.0.0.0   |  host  |         .         |
[   23.461052] cloud-init[1060]: ci-info: |   lo   | True |          ::1/128           |       .       |  host  |         .         |
[   23.461213] cloud-init[1060]: ci-info: +--------+------+----------------------------+---------------+--------+-------------------+
[   23.461304] cloud-init[1060]: ci-info: ++++++++++++++++++++++++++++Route IPv4 info++++++++++++++++++++++++++++
[   23.461397] cloud-init[1060]: ci-info: +-------+--------------+----------+---------------+-----------+-------+
[   23.461645] cloud-init[1060]: ci-info: | Route | Destination  | Gateway  |    Genmask    | Interface | Flags |
[   23.461743] cloud-init[1060]: ci-info: +-------+--------------+----------+---------------+-----------+-------+
[   23.461873] cloud-init[1060]: ci-info: |   0   |   0.0.0.0    | 10.0.2.2 |    0.0.0.0    |   enp0s3  |   UG  |
[   23.462003] cloud-init[1060]: ci-info: |   1   |   10.0.2.0   | 0.0.0.0  | 255.255.255.0 |   enp0s3  |   U   |
[   23.462095] cloud-init[1060]: ci-info: |   2   | 192.168.83.0 | 0.0.0.0  | 255.255.255.0 |   enp0s8  |   U   |
[   23.462186] cloud-init[1060]: ci-info: +-------+--------------+----------+---------------+-----------+-------+
[   23.462276] cloud-init[1060]: ci-info: +++++++++++++++++++Route IPv6 info+++++++++++++++++++
[   23.462367] cloud-init[1060]: ci-info: +-------+-------------+---------+-----------+-------+
[   23.462548] cloud-init[1060]: ci-info: | Route | Destination | Gateway | Interface | Flags |
[   23.462711] cloud-init[1060]: ci-info: +-------+-------------+---------+-----------+-------+
[   23.462873] cloud-init[1060]: ci-info: |   0   |  fe80::/64  |    ::   |   enp0s8  |   U   |
[   23.462981] cloud-init[1060]: ci-info: |   1   |  fe80::/64  |    ::   |   enp0s3  |   U   |
[   23.463072] cloud-init[1060]: ci-info: |   4   |   ff00::/8  |    ::   |   enp0s8  |   U   |
[   23.463183] cloud-init[1060]: ci-info: |   5   |   ff00::/8  |    ::   |   enp0s3  |   U   |
[   23.463326] cloud-init[1060]: ci-info: +-------+-------------+---------+-----------+-------+
] Started Initial cloud-init job (metadata service crawler).
[[0;32m  OK  [0m] Reached target Network is Online.
         Starting iSCSI initiator daemon (iscsid)...
[[0;32m  OK  [0m] Reached target Cloud-config availability.
[[0;32m  OK  [0m] Reached target System Initialization.
[[0;32m  OK  [0m] Listening on UUID daemon activation socket.
[[0;32m  OK  [0m] Started Daily apt download activities.
         Starting LXD - unix socket.
[[0;32m  OK  [0m] Listening on D-Bus System Message Bus Socket.
[[0;32m  OK  [0m] Started Daily Cleanup of Temporary Directories.
[[0;32m  OK  [0m] Listening on ACPID Listen Socket.
[[0;32m  OK  [0m] Started ACPI Events Check.
[[0;32m  OK  [0m] Reached target Paths.
[[0;32m  OK  [0m] Started Daily apt upgrade and clean activities.
[[0;32m  OK  [0m] Reached target Timers.
         Starting Socket activation for snappy daemon.
[[0;32m  OK  [0m] Listening on LXD - unix socket.
[[0;32m  OK  [0m] Listening on Socket activation for snappy daemon.
[[0;32m  OK  [0m] Started iSCSI initiator daemon (iscsid).
         Starting Login to default iSCSI targets...
[[0;32m  OK  [0m] Reached target Sockets.
[[0;32m  OK  [0m] Reached target Basic System.
         Starting LSB: Record successful boot for GRUB...
         Starting System Logging Service...
         Starting Snappy daemon...
[[0;32m  OK  [0m] Started D-Bus System Message Bus.
[[0;32m  OK  [0m] Started ACPI event daemon.
         Starting /etc/rc.local Compatibility...
[[0;32m  OK  [0m] Started Unattended Upgrades Shutdown.
[[0;32m  OK  [0m] Started Deferred execution scheduler.
         Starting OpenBSD Secure Shell server...
         Starting LSB: MD monitoring daemon...
[[0;32m  OK  [0m] Started Regular background program processing daemon.
         Starting Login Service...
         Starting Virtualbox guest utils...
[[0;32m  OK  [0m] Started FUSE filesystem for LXC.
         Starting Accounts Service...
         Starting LXD - container startup/shutdown...
[[0;32m  OK  [0m] Started System Logging Service.
[[0;32m  OK  [0m] Started /etc/rc.local Compatibility.
[[0;32m  OK  [0m] Started Login Service.
[[0;32m  OK  [0m] Started LSB: Record successful boot for GRUB.
[[0;32m  OK  [0m] Started LSB: MD monitoring daemon.
[[0;32m  OK  [0m] Started Login to default iSCSI targets.
[[0;32m  OK  [0m] Reached target Remote File Systems (Pre).
[[0;32m  OK  [0m] Reached target Remote File Systems.
         Starting LSB: daemon to balance interrupts for SMP systems...
         Starting Permit User Sessions...
         Starting LSB: automatic crash report generation...
         Starting LSB: Start and stop the mysql database server daemon...
         Starting LSB: Set the CPU Frequency Scaling governor to "ondemand"...
         Starting LSB: Apache2 web server...
[[0;32m  OK  [0m] Started Permit User Sessions.
[[0;32m  OK  [0m] Started LSB: Set the CPU Frequency Scaling governor to "ondemand".
         Starting Terminate Plymouth Boot Screen...
         Starting Hold until boot process finishes up...
[[0;32m  OK  [0m] Started Terminate Plymouth Boot Screen.
[[0;32m  OK  [0m] Started Hold until boot process finishes up.
[[0;32m  OK  [0m] Started Getty on tty1.
         Starting Set console scheme...
[[0;32m  OK  [0m] Started Serial Getty on ttyS0.
[[0;32m  OK  [0m] Reached target Login Prompts.
[[0;32m  OK  [0m] Started LSB: daemon to balance interrupts for SMP systems.
[[0;32m  OK  [0m] Started Set console scheme.
[[0;32m  OK  [0m] Started LSB: automatic crash report generation.
[[0;32m  OK  [0m] Started Virtualbox guest utils.
         Starting Authenticate and Authorize Users to Run Privileged Tasks...
[[0;32m  OK  [0m] Started OpenBSD Secure Shell server.
[[0;32m  OK  [0m] Started Snappy daemon.
         Starting Wait until snapd is fully seeded...
[[0;32m  OK  [0m] Started Authenticate and Authorize Users to Run Privileged Tasks.
[[0;32m  OK  [0m] Started Accounts Service.
[[0;32m  OK  [0m] Started Wait until snapd is fully seeded.
         Starting Apply the settings specified in cloud-config...
[[0;32m  OK  [0m] Started LXD - container startup/shutdown.
[   29.564201] cloud-init[1354]: Cloud-init v. 18.4-0ubuntu1~16.04.2 running 'modules:config' at Fri, 04 Jan 2019 09:51:19 +0000. Up 29.13 seconds.
[[0;32m  OK  [0m] Started Apply the settings specified in cloud-config.
[[0;32m  OK  [0m] Created slice User Slice of vagrant.
         Starting User Manager for UID 1000...
[[0;32m  OK  [0m] Started Session 1 of user vagrant.
[[0;32m  OK  [0m] Started User Manager for UID 1000.

Ubuntu 16.04.5 LTS kouosl ttyS0

kouosl login: [   35.001970] cloud-init[1738]: Cloud-init v. 18.4-0ubuntu1~16.04.2 running 'modules:final' at Fri, 04 Jan 2019 09:51:24 +0000. Up 34.75 seconds.
[   35.003895] cloud-init[1738]: Cloud-init v. 18.4-0ubuntu1~16.04.2 finished at Fri, 04 Jan 2019 09:51:25 +0000. Datasource DataSourceNoCloud [seed=/dev/sdb][dsmode=net].  Up 34.99 seconds
